Build started 16/12/2014 12:43:29.

Project Performance Summary:
      419 ms  E:\sw\workspaces\olap\olreplay\vs\olreplay\olreplay.vcxproj   1 calls
                419 ms  Clean                                      1 calls

Target Performance Summary:
        0 ms  AfterClean                                 1 calls
        0 ms  CoreClean                                  1 calls
        0 ms  PGInstrumentedClean                        1 calls
        0 ms  BeforeClean                                1 calls
        0 ms  AfterCppClean                              1 calls
        0 ms  AssignProjectConfiguration                 1 calls
        0 ms  Clean                                      1 calls
        0 ms  _CheckForInvalidConfigurationAndPlatform   1 calls
        0 ms  BeforeCppClean                             1 calls
        0 ms  CleanReferencedProjects                    1 calls
        0 ms  CleanPublishFolder                         1 calls
        0 ms  CppClean                                   1 calls
       14 ms  _PrepareForClean                           1 calls
       15 ms  _SplitProjectReferencesByFileExistence     1 calls
      391 ms  CoreCppClean                               1 calls

Build succeeded.

Time Elapsed 00:00:00.43
